<?xml version="1.0" encoding="UTF-8"?>
<testExecutions version="1">
  <file path="E:\PROJECTS\GITHUB\vscode-reveal\src\test\UnitTests\WebviewPane.jest.ts">
    <testCase name="Set title of webviewpane" duration="3">
      <failure message="TypeError: vscode_1.EventEmitter is not a constructor"><![CDATA[TypeError: vscode_1.EventEmitter is not a constructor
    at new WebviewPane (E:\PROJECTS\GITHUB\vscode-reveal\src\WebViewPane.ts:12:45)
    at Object.<anonymous> (E:\PROJECTS\GITHUB\vscode-reveal\src\test\UnitTests\WebviewPane.jest.ts:8:18)
    at Promise.then.completed (E:\PROJECTS\GITHUB\vscode-reveal\node_modules\jest-circus\build\utils.js:391:28)
    at new Promise (<anonymous>)
    at callAsyncCircusFn (E:\PROJECTS\GITHUB\vscode-reveal\node_modules\jest-circus\build\utils.js:316:10)
    at _callCircusTest (E:\PROJECTS\GITHUB\vscode-reveal\node_modules\jest-circus\build\run.js:218:40)
    at processTicksAndRejections (node:internal/process/task_queues:96:5)
    at _runTest (E:\PROJECTS\GITHUB\vscode-reveal\node_modules\jest-circus\build\run.js:155:3)
    at _runTestsForDescribeBlock (E:\PROJECTS\GITHUB\vscode-reveal\node_modules\jest-circus\build\run.js:66:9)
    at run (E:\PROJECTS\GITHUB\vscode-reveal\node_modules\jest-circus\build\run.js:25:3)]]></failure>
    </testCase>
    <testCase name="Dispose should trigger onDidDispose" duration="1">
      <failure message="TypeError: vscode_1.EventEmitter is not a constructor"><![CDATA[TypeError: vscode_1.EventEmitter is not a constructor
    at new WebviewPane (E:\PROJECTS\GITHUB\vscode-reveal\src\WebViewPane.ts:12:45)
    at Object.<anonymous> (E:\PROJECTS\GITHUB\vscode-reveal\src\test\UnitTests\WebviewPane.jest.ts:20:18)
    at Promise.then.completed (E:\PROJECTS\GITHUB\vscode-reveal\node_modules\jest-circus\build\utils.js:391:28)
    at new Promise (<anonymous>)
    at callAsyncCircusFn (E:\PROJECTS\GITHUB\vscode-reveal\node_modules\jest-circus\build\utils.js:316:10)
    at _callCircusTest (E:\PROJECTS\GITHUB\vscode-reveal\node_modules\jest-circus\build\run.js:218:40)
    at processTicksAndRejections (node:internal/process/task_queues:96:5)
    at _runTest (E:\PROJECTS\GITHUB\vscode-reveal\node_modules\jest-circus\build\run.js:155:3)
    at _runTestsForDescribeBlock (E:\PROJECTS\GITHUB\vscode-reveal\node_modules\jest-circus\build\run.js:66:9)
    at run (E:\PROJECTS\GITHUB\vscode-reveal\node_modules\jest-circus\build\run.js:25:3)]]></failure>
    </testCase>
    <testCase name="Update should trigger onDidUpdate" duration="1">
      <failure message="TypeError: vscode_1.EventEmitter is not a constructor"><![CDATA[TypeError: vscode_1.EventEmitter is not a constructor
    at new WebviewPane (E:\PROJECTS\GITHUB\vscode-reveal\src\WebViewPane.ts:12:45)
    at Object.<anonymous> (E:\PROJECTS\GITHUB\vscode-reveal\src\test\UnitTests\WebviewPane.jest.ts:37:18)
    at Promise.then.completed (E:\PROJECTS\GITHUB\vscode-reveal\node_modules\jest-circus\build\utils.js:391:28)
    at new Promise (<anonymous>)
    at callAsyncCircusFn (E:\PROJECTS\GITHUB\vscode-reveal\node_modules\jest-circus\build\utils.js:316:10)
    at _callCircusTest (E:\PROJECTS\GITHUB\vscode-reveal\node_modules\jest-circus\build\run.js:218:40)
    at processTicksAndRejections (node:internal/process/task_queues:96:5)
    at _runTest (E:\PROJECTS\GITHUB\vscode-reveal\node_modules\jest-circus\build\run.js:155:3)
    at _runTestsForDescribeBlock (E:\PROJECTS\GITHUB\vscode-reveal\node_modules\jest-circus\build\run.js:66:9)
    at run (E:\PROJECTS\GITHUB\vscode-reveal\node_modules\jest-circus\build\run.js:25:3)]]></failure>
    </testCase>
  </file>
  <file path="E:\PROJECTS\GITHUB\vscode-reveal\src\test\UnitTests\NotTestedYet.jest.ts">
    <testCase name="NOTHING HERE" duration="2"/>
  </file>
  <file path="E:\PROJECTS\GITHUB\vscode-reveal\src\test\UnitTests\findTitle.jest.ts">
  </file>
  <file path="E:\PROJECTS\GITHUB\vscode-reveal\src\test\UnitTests\slideparser.jest.ts">
  </file>
  <file path="E:\PROJECTS\GITHUB\vscode-reveal\src\test\UnitTests\CompletionItemProvider.jest.ts">
    <testCase name="Should createCompletionItems from configDesc" duration="4"/>
  </file>
  <file path="E:\PROJECTS\GITHUB\vscode-reveal\src\test\UnitTests\RevealServer.jest.ts">
  </file>
</testExecutions>